<?xml version="1.0" encoding="UTF-8"?>
<!-- Generated by org.testng.reporters.JUnitReportReporter -->
<testsuite skipped="0" hostname="DESKTOP-2IQ0BS4" name="MavenDemoProject.MavenJava.SeleniumTest" tests="2" failures="0" timestamp="2020-08-28T13:14:31 IST" time="0.000" errors="0">
  <testcase name="ElementsUI" time="0.000" classname="MavenDemoProject.MavenJava.SeleniumTest"/>
  <system-out/>
  <testcase name="BrowserAutomation" time="0.000" classname="MavenDemoProject.MavenJava.SeleniumTest"/>
  <system-out/>
</testsuite> <!-- MavenDemoProject.MavenJava.SeleniumTest -->
