<?xml version="1.0" encoding="UTF-8"?>
<!-- Generated by org.testng.reporters.JUnitReportReporter -->
<testsuite skipped="0" hostname="DESKTOP-2IQ0BS4" name="MavenDemoProject.MavenJava.AppiumNewTest" tests="2" failures="0" timestamp="2020-08-28T13:14:31 IST" time="0.000" errors="0">
  <testcase name="IOSApp" time="0.000" classname="MavenDemoProject.MavenJava.AppiumNewTest"/>
  <system-out/>
  <testcase name="NativeAppAndroid" time="0.000" classname="MavenDemoProject.MavenJava.AppiumNewTest"/>
  <system-out/>
</testsuite> <!-- MavenDemoProject.MavenJava.AppiumNewTest -->
